This is pdfTeX, Version 3.14159265-2.6-1.40.16 (TeX Live 2015) (preloaded format=pdflatex 2015.5.24)  14 APR 2017 10:57
entering extended mode
 restricted \write18 enabled.
 file:line:error style messages enabled.
 %&-line parsing enabled.
**Sarmento-Obs.tex
(./Sarmento-Obs.tex
LaTeX2e <2015/01/01>
Babel <3.9l> and hyphenation patterns for 79 languages loaded.
(./aastex6.cls
Document Class: aastex6 2016/01/04 1.0/AAS markup document class
Class aastex6 Info: 
 
 Original \LaTeX2.09 style by Chris Biemesderfer (chris@seagoat.com). 
 Adapted to \LaTeXe by A. Ogawa (ogawa@teleport.com)
 emulateapj.cls included, Copyright 2000-2015 Alexey Vikhlinin 
 Rewrite and update of emulateapj.cls, revised and enhanced with table macros, 
gridlines, draft watermark,
 ORCID identifier and more, by Amy Hendrickson,
 (amyh@texnology.com, http://www.texnology.com) 
 
  on input line 106.
\bibbaselineskip=\skip41
(/usr/local/texlive/2015/texmf-dist/tex/latex/lineno/lineno.sty
Package: lineno 2005/11/02 line numbers on paragraphs v4.41
\linenopenalty=\count79
\output=\toks14
\linenoprevgraf=\count80
\linenumbersep=\dimen102
\linenumberwidth=\dimen103
\c@linenumber=\count81
\c@pagewiselinenumber=\count82
\c@LN@truepage=\count83
\c@internallinenumber=\count84
\c@internallinenumbers=\count85
\quotelinenumbersep=\dimen104
\bframerule=\dimen105
\bframesep=\dimen106
\bframebox=\box26
LaTeX Info: Redefining \\ on input line 3056.
)
(/usr/local/texlive/2015/texmf-dist/tex/latex/revtex/revtex4-1.cls
Document Class: revtex4-1 2010/07/25/20:33:00 4.1r (http://publish.aps.org/revt
ex4/ for documentation)
 Copyright (c) 2009 The American Physical Society.
 mailto:revtex@aps.org
 Licensed under the LPPL:
http://www.ctan.org/tex-archive/macros/latex/base/lppl.txt
 Arthur Ogawa <arthur_ogawa at sbcglobal dot net>
 Based on work by David Carlisle <david at dcarlisle.demon.co.uk>.
ltxutil[2010/07/25/20:33:00 4.1r utilities package (portions licensed from W. E
. Baxter web at superscript.com)]
LaTeX Info: Redefining \@centercr on input line 308.
Class revtex4-1 Info: Repairing hyperref-unfriendly LaTeX definition of \mpfoot
note on input line 433.
Class revtex4-1 Info: Repairing broken LateX \@sect on input line 755.
\intertabularlinepenalty=\count86
\@tbpen=\count87
\@arstrutbox@hline=\box27
Class revtex4-1 Info: Repairing broken LaTeX \@xbitor on input line 1786.
Class revtex4-1 Info: Making \typeout \long on input line 2046.
ltxfront[2010/07/25/20:33:00 4.1r frontmatter package (AO,DPC)]
\c@affil=\count88
\c@collab=\count89
\absbox=\box28
ltxgrid[2010/07/25/20:33:00 4.1r page grid package (portions licensed from W. E
. Baxter web at superscript.com)]
\c@linecount=\count90
\output@latex=\toks15
\box@size@1=\box29
\box@size@2=\box30
\@protection@box=\box31
\@topmark@saved=\toks16
\footins@saved=\box32
\footins@recovered=\box33
\column@recovered=\box34
\pagesofar=\box35
\footsofar=\box36
\pagegrid@col=\count91

Class revtex4-1 Warning: Failed to recognize \@vspace, \@vspacer, \@no@pgbk, \@
newline, and \\; no patches applied. Please get a more up-to-date class, .

\c@part=\count92
\c@section=\count93
\c@subsection=\count94
\c@subsubsection=\count95
\c@paragraph=\count96
\c@subparagraph=\count97
\abovecaptionskip=\skip42
\belowcaptionskip=\skip43
\c@figure=\count98
\fbox@1=\box37
\c@table=\count99
\fbox@2=\box38
\c@video=\count100
\fbox@4=\box39
\@bibdataout=\write3
\widetext@top=\box40
\widetext@bot=\box41
Class revtex4-1 Info: Selecting society aps on input line 7542.
(/usr/local/texlive/2015/texmf-dist/tex/latex/revtex/aps4-1.rtx
File: aps4-1 2010/07/25/20:33:00 4.1r (http://publish.aps.org/revtex4/ for docu
mentation)
Class revtex4-1 Info: RevTeX society APS selected on input line 31.
)
Class revtex4-1 Info: Selecting journal pra on input line 7544.
Class revtex4-1 Info: APS journal PRA selected on input line 7545.

(/usr/local/texlive/2015/texmf-dist/tex/latex/revtex/aps10pt4-1.rtx
File: aps10pt4-1 2010/07/25/20:33:00 4.1r (http://publish.aps.org/revtex4/ for 
documentation)
Class revtex4-1 Info: RevTeX pointsize 10pt selected on input line 30.
)
(/usr/local/texlive/2015/texmf-dist/tex/latex/textcase/textcase.sty
Package: textcase 2004/10/07 v0.07 Text only upper/lower case changing (DPC)
)
(/usr/local/texlive/2015/texmf-dist/tex/latex/url/url.sty
\Urlmuskip=\muskip10
Package: url 2013/09/16  ver 3.4  Verb mode for urls, etc.
)
(/Users/earnric/Library/texmf/tex/latex/natbib/natbib.sty
Package: natbib 2010/09/13 8.31b (PWD, AO)
\bibhang=\skip44
\bibsep=\skip45
LaTeX Info: Redefining \cite on input line 694.
\c@NAT@ctr=\count101
)
Class revtex4-1 Info: Repairing natbib's \BibitemShut on input line 7549.

(/usr/local/texlive/2015/texmf-dist/tex/latex/revtex/revsymb4-1.sty
Package: revsymb4-1 2010/07/25/20:33:00 4.1r (http://publish.aps.org/revtex4/ f
or documentation)
LaTeX Info: Redefining \REV@mathfrak on input line 119.
))
(/usr/local/texlive/2015/texmf-dist/tex/latex/base/latexsym.sty
Package: latexsym 1998/08/17 v2.2e Standard LaTeX package (lasy symbols)
\symlasy=\mathgroup4
LaTeX Font Info:    Overwriting symbol font `lasy' in version `bold'
(Font)                  U/lasy/m/n --> U/lasy/b/n on input line 52.
)
(/usr/local/texlive/2015/texmf-dist/tex/latex/graphics/graphicx.sty
Package: graphicx 2014/10/28 v1.0g Enhanced LaTeX Graphics (DPC,SPQR)

(/usr/local/texlive/2015/texmf-dist/tex/latex/graphics/keyval.sty
Package: keyval 2014/10/28 v1.15 key=value parser (DPC)
\KV@toks@=\toks17
)
(/usr/local/texlive/2015/texmf-dist/tex/latex/graphics/graphics.sty
Package: graphics 2014/10/28 v1.0p Standard LaTeX Graphics (DPC,SPQR)

(/usr/local/texlive/2015/texmf-dist/tex/latex/graphics/trig.sty
Package: trig 1999/03/16 v1.09 sin cos tan (DPC)
)
(/usr/local/texlive/2015/texmf-dist/tex/latex/latexconfig/graphics.cfg
File: graphics.cfg 2010/04/23 v1.9 graphics configuration of TeX Live
)
Package graphics Info: Driver file: pdftex.def on input line 94.

(/usr/local/texlive/2015/texmf-dist/tex/latex/pdftex-def/pdftex.def
File: pdftex.def 2011/05/27 v0.06d Graphics/color for pdfTeX

(/usr/local/texlive/2015/texmf-dist/tex/generic/oberdiek/infwarerr.sty
Package: infwarerr 2010/04/08 v1.3 Providing info/warning/error messages (HO)
)
(/usr/local/texlive/2015/texmf-dist/tex/generic/oberdiek/ltxcmds.sty
Package: ltxcmds 2011/11/09 v1.22 LaTeX kernel commands for general use (HO)
)
\Gread@gobject=\count102
))
\Gin@req@height=\dimen107
\Gin@req@width=\dimen108
)
(/usr/local/texlive/2015/texmf-dist/tex/latex/amsfonts/amssymb.sty
Package: amssymb 2013/01/14 v3.01 AMS font symbols

(/usr/local/texlive/2015/texmf-dist/tex/latex/amsfonts/amsfonts.sty
Package: amsfonts 2013/01/14 v3.01 Basic AMSFonts support
\@emptytoks=\toks18
\symAMSa=\mathgroup5
\symAMSb=\mathgroup6
LaTeX Font Info:    Overwriting math alphabet `\mathfrak' in version `bold'
(Font)                  U/euf/m/n --> U/euf/b/n on input line 106.
LaTeX Info: Redefining \frak on input line 111.
LaTeX Info: Redefining \Bbb on input line 113.
))
(/usr/local/texlive/2015/texmf-dist/tex/generic/epsf/epsf.sty
This is `epsf.tex' v2.7.4 <14 February 2011>
\epsffilein=\read1
\epsfframemargin=\dimen109
\epsfframethickness=\dimen110
\epsfrsize=\dimen111
\epsftmp=\dimen112
\epsftsize=\dimen113
\epsfxsize=\dimen114
\epsfysize=\dimen115
\pspoints=\dimen116
)
\c@front@matter@foot@note=\count103
\alt@affil@toks=\toks19
\alt@affil@toks@count=\toks20
\keys@width=\skip46
\c@lastfootnote=\count104
\c@remember@figure@num=\count105
\c@remember@table@num=\count106
\bibindent=\dimen117
\plot@width=\skip47
\c@table@save=\count107
\@abovenoteskip=\dimen118
\table@note@skip=\skip48
\deluxe@table@width=\skip49
\@d@t@a=\skip50
\c@deluxe@table@num=\count108
\LTcapwidth=\dimen119
\c@LT@tables=\count109
\abovedeluxetableskip=\skip51
\belowdeluxetableskip=\skip52
\lastrowheight=\dimen120
\DT@p@ftn=\toks21
\pt@column=\count110
\pt@ncol=\count111
 (/usr/local/texlive/2015/texmf-dist/tex/latex/hyperref/hyperref.sty
Package: hyperref 2012/11/06 v6.83m Hypertext links for LaTeX

(/usr/local/texlive/2015/texmf-dist/tex/generic/oberdiek/hobsub-hyperref.sty
Package: hobsub-hyperref 2012/05/28 v1.13 Bundle oberdiek, subset hyperref (HO)


(/usr/local/texlive/2015/texmf-dist/tex/generic/oberdiek/hobsub-generic.sty
Package: hobsub-generic 2012/05/28 v1.13 Bundle oberdiek, subset generic (HO)
Package: hobsub 2012/05/28 v1.13 Construct package bundles (HO)
Package hobsub Info: Skipping package `infwarerr' (already loaded).
Package hobsub Info: Skipping package `ltxcmds' (already loaded).
Package: ifluatex 2010/03/01 v1.3 Provides the ifluatex switch (HO)
Package ifluatex Info: LuaTeX not detected.
Package: ifvtex 2010/03/01 v1.5 Detect VTeX and its facilities (HO)
Package ifvtex Info: VTeX not detected.
Package: intcalc 2007/09/27 v1.1 Expandable calculations with integers (HO)
Package: ifpdf 2011/01/30 v2.3 Provides the ifpdf switch (HO)
Package ifpdf Info: pdfTeX in PDF mode is detected.
Package: etexcmds 2011/02/16 v1.5 Avoid name clashes with e-TeX commands (HO)
Package etexcmds Info: Could not find \expanded.
(etexcmds)             That can mean that you are not using pdfTeX 1.50 or
(etexcmds)             that some package has redefined \expanded.
(etexcmds)             In the latter case, load this package earlier.
Package: kvsetkeys 2012/04/25 v1.16 Key value parser (HO)
Package: kvdefinekeys 2011/04/07 v1.3 Define keys (HO)
Package: pdftexcmds 2011/11/29 v0.20 Utility functions of pdfTeX for LuaTeX (HO
)
Package pdftexcmds Info: LuaTeX not detected.
Package pdftexcmds Info: \pdf@primitive is available.
Package pdftexcmds Info: \pdf@ifprimitive is available.
Package pdftexcmds Info: \pdfdraftmode found.
Package: pdfescape 2011/11/25 v1.13 Implements pdfTeX's escape features (HO)
Package: bigintcalc 2012/04/08 v1.3 Expandable calculations on big integers (HO
)
Package: bitset 2011/01/30 v1.1 Handle bit-vector datatype (HO)
Package: uniquecounter 2011/01/30 v1.2 Provide unlimited unique counter (HO)
)
Package hobsub Info: Skipping package `hobsub' (already loaded).
Package: letltxmacro 2010/09/02 v1.4 Let assignment for LaTeX macros (HO)
Package: hopatch 2012/05/28 v1.2 Wrapper for package hooks (HO)
Package: xcolor-patch 2011/01/30 xcolor patch
Package: atveryend 2011/06/30 v1.8 Hooks at the very end of document (HO)
Package: atbegshi 2011/10/05 v1.16 At begin shipout hook (HO)
Package: refcount 2011/10/16 v3.4 Data extraction from label references (HO)
Package: hycolor 2011/01/30 v1.7 Color options for hyperref/bookmark (HO)
)
(/usr/local/texlive/2015/texmf-dist/tex/generic/ifxetex/ifxetex.sty
Package: ifxetex 2010/09/12 v0.6 Provides ifxetex conditional
)
(/usr/local/texlive/2015/texmf-dist/tex/latex/oberdiek/auxhook.sty
Package: auxhook 2011/03/04 v1.3 Hooks for auxiliary files (HO)
)
(/usr/local/texlive/2015/texmf-dist/tex/latex/oberdiek/kvoptions.sty
Package: kvoptions 2011/06/30 v3.11 Key value format for package options (HO)
)
\@linkdim=\dimen121
\Hy@linkcounter=\count112
\Hy@pagecounter=\count113

(/usr/local/texlive/2015/texmf-dist/tex/latex/hyperref/pd1enc.def
File: pd1enc.def 2012/11/06 v6.83m Hyperref: PDFDocEncoding definition (HO)
)
\Hy@SavedSpaceFactor=\count114

(/usr/local/texlive/2015/texmf-dist/tex/latex/latexconfig/hyperref.cfg
File: hyperref.cfg 2002/06/06 v1.2 hyperref configuration of TeXLive
)
Package hyperref Info: Option `bookmarks' set `false' on input line 4319.
Package hyperref Info: Option `pdfnewwindow' set `true' on input line 4319.
Package hyperref Info: Option `colorlinks' set `true' on input line 4319.
Package hyperref Info: Hyper figures OFF on input line 4443.
Package hyperref Info: Link nesting OFF on input line 4448.
Package hyperref Info: Hyper index ON on input line 4451.
Package hyperref Info: Plain pages OFF on input line 4458.
Package hyperref Info: Backreferencing OFF on input line 4463.
Package hyperref Info: Implicit mode ON; LaTeX internals redefined.
Package hyperref Info: Bookmarks OFF on input line 4694.
LaTeX Info: Redefining \href on input line 4952.
\c@Hy@tempcnt=\count115
LaTeX Info: Redefining \url on input line 5041.
\XeTeXLinkMargin=\dimen122
\Fld@menulength=\count116
\Field@Width=\dimen123
\Fld@charsize=\dimen124
Package hyperref Info: Hyper figures OFF on input line 6295.
Package hyperref Info: Link nesting OFF on input line 6300.
Package hyperref Info: Hyper index ON on input line 6303.
Package hyperref Info: backreferencing OFF on input line 6310.
Package hyperref Info: Link coloring ON on input line 6313.
Package hyperref Info: Link coloring with OCG OFF on input line 6320.
Package hyperref Info: PDF/A mode OFF on input line 6325.
LaTeX Info: Redefining \ref on input line 6365.
LaTeX Info: Redefining \pageref on input line 6369.
\Hy@abspage=\count117
\c@Item=\count118
\c@Hfootnote=\count119
)

Package hyperref Message: Driver (autodetected): hpdftex.

(/usr/local/texlive/2015/texmf-dist/tex/latex/hyperref/hpdftex.def
File: hpdftex.def 2012/11/06 v6.83m Hyperref driver for pdfTeX
\Fld@listcount=\count120
\c@bookmark@seq@number=\count121

(/usr/local/texlive/2015/texmf-dist/tex/latex/oberdiek/rerunfilecheck.sty
Package: rerunfilecheck 2011/04/15 v1.7 Rerun checks for auxiliary files (HO)
Package uniquecounter Info: New unique counter `rerunfilecheck' on input line 2
82.
)
\Hy@SectionHShift=\skip53
)
(/usr/local/texlive/2015/texmf-dist/tex/latex/xcolor/xcolor.sty
Package: xcolor 2007/01/21 v2.11 LaTeX color extensions (UK)

(/usr/local/texlive/2015/texmf-dist/tex/latex/latexconfig/color.cfg
File: color.cfg 2007/01/18 v1.5 color configuration of teTeX/TeXLive
)
Package xcolor Info: Driver file: pdftex.def on input line 225.
Package xcolor Info: Model `cmy' substituted by `cmy0' on input line 1337.
Package xcolor Info: Model `hsb' substituted by `rgb' on input line 1341.
Package xcolor Info: Model `RGB' extended on input line 1353.
Package xcolor Info: Model `HTML' substituted by `rgb' on input line 1355.
Package xcolor Info: Model `Hsb' substituted by `hsb' on input line 1356.
Package xcolor Info: Model `tHsb' substituted by `hsb' on input line 1357.
Package xcolor Info: Model `HSB' substituted by `hsb' on input line 1358.
Package xcolor Info: Model `Gray' substituted by `gray' on input line 1359.
Package xcolor Info: Model `wave' substituted by `hsb' on input line 1360.
)
(/usr/local/texlive/2015/texmf-dist/tex/latex/tools/array.sty
Package: array 2014/10/28 v2.4c Tabular extension package (FMi)
\col@sep=\dimen125
\extrarowheight=\dimen126
\NC@list=\toks22
\extratabsurround=\skip54
\backup@length=\skip55
)
\colcount=\count122
\firstcolcount=\count123
\secondcolcount=\count124
\thirdcolcount=\count125
\columncount=\count126
\howmanyDs=\count127
\firsthowmanyDs=\count128
\secondhowmanyDs=\count129
\PartsOfTable=\count130
\columnoneandtwo=\count131
\colnumsused=\count132
\loopnum=\count133
\totalcolumncount=\count134
\totalcolumns=\count135
\firsttablebox=\box42
\secondtablebox=\box43
\thirdtablebox=\box44
\splitbox=\box45
\maxtablewidth=\dimen127
\savetabskip=\dimen128
\tempcounter=\count136
\colheadcount=\count137
\colorcount=\count138

(/usr/local/texlive/2015/texmf-dist/tex/generic/ulem/ulem.sty
\UL@box=\box46
\UL@hyphenbox=\box47
\UL@skip=\skip56
\UL@hook=\toks23
\UL@height=\dimen129
\UL@pe=\count139
\UL@pixel=\dimen130
\ULC@box=\box48
Package: ulem 2012/05/18
\ULdepth=\dimen131
)
\changenumber=\count140
\refchangenumber=\count141
\listchangenum=\count142
\AuthorCallLimit=\count143
\authorcount=\count144
\endauthorcount=\count145
\affilnum=\count146
\curraffilnum=\count147
\tempaffilnum=\count148
\affilcount=\count149
)
(/usr/local/texlive/2015/texmf-dist/tex/latex/amsmath/amsmath.sty
Package: amsmath 2013/01/14 v2.14 AMS math features
\@mathmargin=\skip57

For additional information on amsmath, use the `?' option.
(/usr/local/texlive/2015/texmf-dist/tex/latex/amsmath/amstext.sty
Package: amstext 2000/06/29 v2.01

(/usr/local/texlive/2015/texmf-dist/tex/latex/amsmath/amsgen.sty
File: amsgen.sty 1999/11/30 v2.0
\@emptytoks=\toks24
\ex@=\dimen132
)
LaTeX Info: Redefining \text on input line 39.
)
(/usr/local/texlive/2015/texmf-dist/tex/latex/amsmath/amsbsy.sty
Package: amsbsy 1999/11/29 v1.2d
\pmbraise@=\dimen133
)
(/usr/local/texlive/2015/texmf-dist/tex/latex/amsmath/amsopn.sty
Package: amsopn 1999/12/14 v2.01 operator names
)
\inf@bad=\count150
LaTeX Info: Redefining \frac on input line 210.
\uproot@=\count151
\leftroot@=\count152
LaTeX Info: Redefining \overline on input line 306.
\classnum@=\count153
\DOTSCASE@=\count154
LaTeX Info: Redefining \ldots on input line 378.
LaTeX Info: Redefining \dots on input line 381.
LaTeX Info: Redefining \cdots on input line 466.
\Mathstrutbox@=\box49
\strutbox@=\box50
\big@size=\dimen134
LaTeX Font Info:    Redeclaring font encoding OML on input line 566.
LaTeX Font Info:    Redeclaring font encoding OMS on input line 567.
\macc@depth=\count155
\c@MaxMatrixCols=\count156
\dotsspace@=\muskip11
\c@parentequation=\count157
\dspbrk@lvl=\count158
\tag@help=\toks25
\row@=\count159
\column@=\count160
\maxfields@=\count161
\andhelp@=\toks26
\eqnshift@=\dimen135
\alignsep@=\dimen136
\tagshift@=\dimen137
\tagwidth@=\dimen138
\totwidth@=\dimen139
\lineht@=\dimen140
\@envbody=\toks27
\multlinegap=\skip58
\multlinetaggap=\skip59
\mathdisplay@stack=\toks28
LaTeX Info: Redefining \[ on input line 2665.
LaTeX Info: Redefining \] on input line 2666.
)
(/usr/local/texlive/2015/texmf-dist/tex/latex/jknapltx/mathrsfs.sty
Package: mathrsfs 1996/01/01 Math RSFS package v1.0 (jk)
\symrsfs=\mathgroup7
)
(/usr/local/texlive/2015/texmf-dist/tex/latex/units/units.sty
Package: units 1998/08/04 v0.9b Typesetting units

(/usr/local/texlive/2015/texmf-dist/tex/latex/base/ifthen.sty
Package: ifthen 2014/09/29 v1.1c Standard LaTeX ifthen package (DPC)
)
(/usr/local/texlive/2015/texmf-dist/tex/latex/units/nicefrac.sty
Package: nicefrac 1998/08/04 v0.9b Nice fractions
\L@UnitsRaiseDisplaystyle=\skip60
\L@UnitsRaiseTextstyle=\skip61
\L@UnitsRaiseScriptstyle=\skip62
))
(/usr/local/texlive/2015/texmf-dist/tex/latex/threeparttable/threeparttable.sty
Package: threeparttable 2003/06/13  v 3.0
\@tempboxb=\box51
) (/usr/local/texlive/2015/texmf-dist/tex/latex/multirow/multirow.sty
\bigstrutjot=\dimen141
)
(/usr/local/texlive/2015/texmf-dist/tex/latex/geometry/geometry.sty
Package: geometry 2010/09/12 v5.6 Page Geometry
\Gm@cnth=\count162
\Gm@cntv=\count163
\c@Gm@tempcnt=\count164
\Gm@bindingoffset=\dimen142
\Gm@wd@mp=\dimen143
\Gm@odd@mp=\dimen144
\Gm@even@mp=\dimen145
\Gm@layoutwidth=\dimen146
\Gm@layoutheight=\dimen147
\Gm@layouthoffset=\dimen148
\Gm@layoutvoffset=\dimen149
\Gm@dimlist=\toks29
)
(/usr/local/texlive/2015/texmf-dist/tex/latex/dblfloatfix/dblfloatfix.sty
Package: dblfloatfix 2012/12/31 v1.0a (JAW)

(/usr/local/texlive/2015/texmf-dist/tex/latex/base/fixltx2e.sty
Package: fixltx2e 2015/02/21 v2.0a fixes to LaTeX (obsolete)


Package fixltx2e Warning: fixltx2e is not required with releases after 2015
(fixltx2e)                All fixes are now in the LaTeX kernel.
(fixltx2e)                See the latexrelease package for details.

)
\@dblbotnum=\count165
\c@dblbotnumber=\count166
)
Class revtex4-1 Info: Unrecognized array package. Please update this document c
lass! (Proceeding with fingers crossed.) on input line 34.
Class revtex4-1 Info: Robustifying \LaTeX's \boldmath command on input line 34.

Class revtex4-1 Info: cite was not loaded (OK!) on input line 34.
Class revtex4-1 Info: mcite was not loaded (OK!) on input line 34.
Class revtex4-1 Info: multicol was not loaded (OK!) on input line 34.


LaTeX Warning: Unused global option(s):
    [11pt].

(./Sarmento-Obs.aux (./bibliog.aux))
\openout1 = `Sarmento-Obs.aux'.

LaTeX Font Info:    Checking defaults for OML/cmm/m/it on input line 34.
LaTeX Font Info:    ... okay on input line 34.
LaTeX Font Info:    Checking defaults for T1/cmr/m/n on input line 34.
LaTeX Font Info:    ... okay on input line 34.
LaTeX Font Info:    Checking defaults for OT1/cmr/m/n on input line 34.
LaTeX Font Info:    ... okay on input line 34.
LaTeX Font Info:    Checking defaults for OMS/cmsy/m/n on input line 34.
LaTeX Font Info:    ... okay on input line 34.
LaTeX Font Info:    Checking defaults for OMX/cmex/m/n on input line 34.
LaTeX Font Info:    ... okay on input line 34.
LaTeX Font Info:    Checking defaults for U/cmr/m/n on input line 34.
LaTeX Font Info:    ... okay on input line 34.
LaTeX Font Info:    Checking defaults for PD1/pdf/m/n on input line 34.
LaTeX Font Info:    ... okay on input line 34.

(/usr/local/texlive/2015/texmf-dist/tex/context/base/supp-pdf.mkii
[Loading MPS to PDF converter (version 2006.09.02).]
\scratchcounter=\count167
\scratchdimen=\dimen150
\scratchbox=\box52
\nofMPsegments=\count168
\nofMParguments=\count169
\everyMPshowfont=\toks30
\MPscratchCnt=\count170
\MPscratchDim=\dimen151
\MPnumerator=\count171
\makeMPintoPDFobject=\count172
\everyMPtoPDFconversion=\toks31
) (/usr/local/texlive/2015/texmf-dist/tex/latex/oberdiek/epstopdf-base.sty
Package: epstopdf-base 2010/02/09 v2.5 Base part for package epstopdf

(/usr/local/texlive/2015/texmf-dist/tex/latex/oberdiek/grfext.sty
Package: grfext 2010/08/19 v1.1 Manage graphics extensions (HO)
)
Package grfext Info: Graphics extension search list:
(grfext)             [.png,.pdf,.jpg,.mps,.jpeg,.jbig2,.jb2,.PNG,.PDF,.JPG,.JPE
G,.JBIG2,.JB2,.eps]
(grfext)             \AppendGraphicsExtensions on input line 452.

(/usr/local/texlive/2015/texmf-dist/tex/latex/latexconfig/epstopdf-sys.cfg
File: epstopdf-sys.cfg 2010/07/13 v1.3 Configuration of (r)epstopdf for TeX Liv
e
))
\AtBeginShipoutBox=\box53
Package hyperref Info: Link coloring ON on input line 34.

(/usr/local/texlive/2015/texmf-dist/tex/latex/hyperref/nameref.sty
Package: nameref 2012/10/27 v2.43 Cross-referencing by name of section

(/usr/local/texlive/2015/texmf-dist/tex/generic/oberdiek/gettitlestring.sty
Package: gettitlestring 2010/12/03 v1.4 Cleanup title references (HO)
)
\c@section@level=\count173
)
LaTeX Info: Redefining \ref on input line 34.
LaTeX Info: Redefining \pageref on input line 34.
LaTeX Info: Redefining \nameref on input line 34.

*geometry* driver: auto-detecting
*geometry* detected driver: pdftex
*geometry* verbose mode - [ preamble ] result:
* driver: pdftex
* paper: letterpaper
* layout: <same size as paper>
* layoutoffset:(h,v)=(0.0pt,0.0pt)
* modes: includefoot twoside asymmetric 
* h-part:(L,W,R)=(72.26999pt, 469.75499pt, 72.27002pt)
* v-part:(T,H,B)=(126.47249pt, 650.43pt, 18.0675pt)
* \paperwidth=614.295pt
* \paperheight=794.96999pt
* \textwidth=469.75499pt
* \textheight=620.43pt
* \oddsidemargin=0.0pt
* \evensidemargin=0.0pt
* \topmargin=7.22745pt
* \headheight=10.84006pt
* \headsep=36.135pt
* \topskip=12.5pt
* \footskip=30.0pt
* \marginparwidth=107.0pt
* \marginparsep=6.0pt
* \columnsep=22.58437pt
* \skip\footins=12.80373pt plus 2.84526pt minus 2.84526pt
* \hoffset=-21.33955pt
* \voffset=-56.9055pt
* \mag=1000
* \@twocolumnfalse
* \@twosidetrue
* \@mparswitchfalse
* \@reversemarginfalse
* (1in=72.27pt=25.4mm, 1cm=28.453pt)

Class revtex4-1 Info: Taking \maketitle back from hyperref on input line 34.
Class revtex4-1 Info: Overriding lineo.sty, restoring output routine, on input 
line 34.
Class revtex4-1 Info: Line numbering not turned on yet on input line 34.
\openout3 = `Sarmento-ObsNotes.bib'.

Class revtex4-1 Info: Overriding \@LN@LLerror on input line 34.
LaTeX Font Info:    Try loading font information for U+lasy on input line 54.
(/usr/local/texlive/2015/texmf-dist/tex/latex/base/ulasy.fd
File: ulasy.fd 1998/08/17 v2.2e LaTeX symbol font definitions
)
LaTeX Font Info:    Try loading font information for U+msa on input line 54.

(/usr/local/texlive/2015/texmf-dist/tex/latex/amsfonts/umsa.fd
File: umsa.fd 2013/01/14 v3.01 AMS symbols A
)
LaTeX Font Info:    Try loading font information for U+msb on input line 54.

(/usr/local/texlive/2015/texmf-dist/tex/latex/amsfonts/umsb.fd
File: umsb.fd 2013/01/14 v3.01 AMS symbols B
)
LaTeX Font Info:    Try loading font information for U+rsfs on input line 54.

(/usr/local/texlive/2015/texmf-dist/tex/latex/jknapltx/ursfs.fd
File: ursfs.fd 1998/03/24 rsfs font definition file (jk)
) [1{/usr/local/texlive/2015/texmf-var/fonts/map/pdftex/updmap/pdftex.map}]

LaTeX Warning: Command \r invalid in math mode on input line 61.

LaTeX Font Info:    Try loading font information for OMS+cmr on input line 63.
(/usr/local/texlive/2015/texmf-dist/tex/latex/base/omscmr.fd
File: omscmr.fd 2014/09/29 v2.5h Standard LaTeX font definitions
)
LaTeX Font Info:    Font shape `OMS/cmr/m/n' in size <10> not available
(Font)              Font shape `OMS/cmsy/m/n' tried instead on input line 63.
 [2]
<./exampleZ.pdf, id=239, 541.20155pt x 378.5756pt>
File: ./exampleZ.pdf Graphic file (type pdf)
 <use ./exampleZ.pdf>
Package pdftex.def Info: ./exampleZ.pdf used on input line 90.
(pdftex.def)             Requested size: 225.48038pt x 157.72403pt.

<./SP-galaxy_z_14_0_3.pdf, id=240, 470.17534pt x 402.66937pt>
File: ./SP-galaxy_z_14_0_3.pdf Graphic file (type pdf)

<use ./SP-galaxy_z_14_0_3.pdf>
Package pdftex.def Info: ./SP-galaxy_z_14_0_3.pdf used on input line 100.
(pdftex.def)             Requested size: 225.48038pt x 193.10707pt.

<./HOP-galaxy_z_14_0_3.pdf, id=241, 475.69595pt x 402.66937pt>
File: ./HOP-galaxy_z_14_0_3.pdf Graphic file (type pdf)

<use ./HOP-galaxy_z_14_0_3.pdf>
Package pdftex.def Info: ./HOP-galaxy_z_14_0_3.pdf used on input line 101.
(pdftex.def)             Requested size: 225.48038pt x 190.86443pt.

<./SP-galaxy_z_10_0_7.pdf, id=242, 470.17534pt x 402.66937pt>
File: ./SP-galaxy_z_10_0_7.pdf Graphic file (type pdf)

<use ./SP-galaxy_z_10_0_7.pdf>
Package pdftex.def Info: ./SP-galaxy_z_10_0_7.pdf used on input line 102.
(pdftex.def)             Requested size: 225.48038pt x 193.10707pt.

<./HOP-galaxy_z_10_0_7.pdf, id=243, 475.69595pt x 402.66937pt>
File: ./HOP-galaxy_z_10_0_7.pdf Graphic file (type pdf)

<use ./HOP-galaxy_z_10_0_7.pdf>
Package pdftex.def Info: ./HOP-galaxy_z_10_0_7.pdf used on input line 103.
(pdftex.def)             Requested size: 225.48038pt x 190.86443pt.

Overfull \hbox (1.20576pt too wide) in paragraph at lines 99--105
 []$ 
 []

[3 <./exampleZ.pdf>] [4 <./SP-galaxy_z_14_0_3.pdf> <./HOP-galaxy_z_14_0_3.pdf

pdfTeX warning: /Library/TeX/texbin/pdflatex (file ./HOP-galaxy_z_14_0_3.pdf): 
PDF inclusion: multiple pdfs with page group included in a single page
> <./SP-galaxy_z_10_0_7.pdf

pdfTeX warning: /Library/TeX/texbin/pdflatex (file ./SP-galaxy_z_10_0_7.pdf): P
DF inclusion: multiple pdfs with page group included in a single page
> <./HOP-galaxy_z_10_0_7.pdf

pdfTeX warning: /Library/TeX/texbin/pdflatex (file ./HOP-galaxy_z_10_0_7.pdf): 
PDF inclusion: multiple pdfs with page group included in a single page
>] <./AllHalos_150.png, id=482, 754.4988pt x 728.9634pt>
File: ./AllHalos_150.png Graphic file (type png)

<use ./AllHalos_150.png>
Package pdftex.def Info: ./AllHalos_150.png used on input line 124.
(pdftex.def)             Requested size: 225.48038pt x 217.84535pt.
 <./AllHalos_120.png, id=484, 754.4988pt x 728.9634pt>
File: ./AllHalos_120.png Graphic file (type png)

<use ./AllHalos_120.png>
Package pdftex.def Info: ./AllHalos_120.png used on input line 125.
(pdftex.def)             Requested size: 225.48038pt x 217.84535pt.

Overfull \hbox (1.20576pt too wide) in paragraph at lines 123--127
 []$ 
 []


LaTeX Warning: `h' float specifier changed to `ht'.


LaTeX Warning: Command \r invalid in math mode on input line 156.


LaTeX Warning: Command \r invalid in math mode on input line 156.

[5] <./SEDs.pdf, id=506, 1516.94733pt x 523.75668pt>
File: ./SEDs.pdf Graphic file (type pdf)
 <use ./SEDs.pdf>
Package pdftex.def Info: ./SEDs.pdf used on input line 161.
(pdftex.def)             Requested size: 455.6629pt x 157.32002pt.


LaTeX Warning: Command \r invalid in math mode on input line 162.


LaTeX Warning: Command \r invalid in math mode on input line 162.


LaTeX Warning: Command \r invalid in math mode on input line 167.

[6 <./AllHalos_150.png> <./AllHalos_120.png>]

LaTeX Warning: Command \r invalid in math mode on input line 177.


LaTeX Warning: Command \r invalid in math mode on input line 184.

<./lyAbs.pdf, id=528, 632.10532pt x 347.77022pt>
File: ./lyAbs.pdf Graphic file (type pdf)
 <use ./lyAbs.pdf>
Package pdftex.def Info: ./lyAbs.pdf used on input line 195.
(pdftex.def)             Requested size: 220.78542pt x 121.47198pt.


LaTeX Warning: `h' float specifier changed to `ht'.


Underfull \hbox (badness 10000) in paragraph at lines 213--213
[]|\OT1/cmr/m/n/9 F140M, F150W, F182M, F200W, F277W,
 []


LaTeX Warning: Command \r invalid in math mode on input line 213.


Underfull \hbox (badness 10000) in paragraph at lines 213--213
[]|\OT1/cmr/m/n/9 F140M, F150W, F182M, F200W, F277W,
 []


LaTeX Warning: Command \r invalid in math mode on input line 213.


Underfull \hbox (badness 10000) detected at line 214
$$
 []

[7 <./SEDs.pdf>]

LaTeX Warning: Reference `2008MNRAS.391..481S' on page 8 undefined on input lin
e 250.

[8 <./lyAbs.pdf>] <./SFRD_12.pdf, id=657, 766.19061pt x 614.93741pt>
File: ./SFRD_12.pdf Graphic file (type pdf)

<use ./SFRD_12.pdf>
Package pdftex.def Info: ./SFRD_12.pdf used on input line 260.
(pdftex.def)             Requested size: 220.78542pt x 177.19191pt.

<./Halo_Z_Histograms.pdf, id=674, 1454.49649pt x 1167.2408pt>
File: ./Halo_Z_Histograms.pdf Graphic file (type pdf)

<use ./Halo_Z_Histograms.pdf>
Package pdftex.def Info: ./Halo_Z_Histograms.pdf used on input line 270.
(pdftex.def)             Requested size: 455.6629pt x 365.6702pt.


LaTeX Warning: `h' float specifier changed to `ht'.

[9 <./SFRD_12.pdf>]

LaTeX Warning: `h' float specifier changed to `ht'.

<./haloUVMag_Summary_scatter9.pdf, id=757, 1604.39403pt x 1178.30559pt>
File: ./haloUVMag_Summary_scatter9.pdf Graphic file (type pdf)

<use ./haloUVMag_Summary_scatter9.pdf>
Package pdftex.def Info: ./haloUVMag_Summary_scatter9.pdf used on input line 29
9.
(pdftex.def)             Requested size: 455.6629pt x 334.65192pt.


Package natbib Warning: Citation `need ref' on page 10 undefined on input line 
307.


Package natbib Warning: Citation `need ref' on page 10 undefined on input line 
307.

[10 <./Halo_Z_Histograms.pdf>] [11] [12 <./haloUVMag_Summary_scatter9.pdf>]
<./PopIII_fraction-Histograms-all9.pdf, id=958, 1442.62401pt x 1491.67848pt>
File: ./PopIII_fraction-Histograms-all9.pdf Graphic file (type pdf)

<use ./PopIII_fraction-Histograms-all9.pdf>
Package pdftex.def Info: ./PopIII_fraction-Histograms-all9.pdf used on input li
ne 333.
(pdftex.def)             Requested size: 465.06001pt x 480.87485pt.


LaTeX Warning: Command \r invalid in math mode on input line 334.


LaTeX Warning: Command \r invalid in math mode on input line 334.


LaTeX Warning: Float too large for page by 4.44485pt on input line 337.


Package natbib Warning: Citation `ref for jwst limiting mag' on page 13 undefin
ed on input line 366.


Underfull \hbox (badness 10000) detected at line 383
$\OML/cmm/m/it/9 a$
 []


Underfull \hbox (badness 8094) in paragraph at lines 383--383
 []|$[]$\OT1/cmr/m/n/9 The joint prob-a-bil-ity of find-ing a galaxy with $\OML
/cmm/m/it/9 P\OT1/cmr/m/n/9 ([]\OML/cmm/m/it/9 =[] \OMS/cmsy/m/n/9 ^^U
 []


Underfull \hbox (badness 10000) detected at line 384
$$
 []

<./Metallicity-bright-4.pdf, id=961, 722.7pt x 722.7pt>
File: ./Metallicity-bright-4.pdf Graphic file (type pdf)

<use ./Metallicity-bright-4.pdf>
Package pdftex.def Info: ./Metallicity-bright-4.pdf used on input line 391.
(pdftex.def)             Requested size: 455.6629pt x 455.66731pt.
 [13]
Underfull \hbox (badness 10000) detected at line 415
$\OML/cmm/m/it/9 a$
 []


Underfull \hbox (badness 8094) in paragraph at lines 415--415
 []|$[]$\OT1/cmr/m/n/9 The joint prob-a-bil-ity of find-ing a galaxy with $\OML
/cmm/m/it/9 P\OT1/cmr/m/n/9 ([]\OML/cmm/m/it/9 =[] \OMS/cmsy/m/n/9 ^^U
 []


Underfull \hbox (badness 10000) detected at line 416
$$
 []

[14]

LaTeX Warning: A float is stuck (cannot be placed) on input line 421.

[15 <./PopIII_fraction-Histograms-all9.pdf>] [16 <./Metallicity-bright-4.pdf>]
<./filterLF1.pdf, id=1144, 1098.50403pt x 1103.77837pt>
File: ./filterLF1.pdf Graphic file (type pdf)
 <use ./filterLF1.pdf>
Package pdftex.def Info: ./filterLF1.pdf used on input line 428.
(pdftex.def)             Requested size: 455.6629pt x 457.84055pt.


LaTeX Warning: `h' float specifier changed to `ht'.

<./filterLF2.pdf, id=1150, 1098.50403pt x 743.02281pt>
File: ./filterLF2.pdf Graphic file (type pdf)
 <use ./filterLF2.pdf>
Package pdftex.def Info: ./filterLF2.pdf used on input line 440.
(pdftex.def)             Requested size: 455.6629pt x 308.20132pt.


LaTeX Warning: `h' float specifier changed to `ht'.

[17] [18 <./filterLF1.pdf>]
<./hubbleFiltsAll2.pdf, id=1264, 706.03146pt x 357.61731pt>
File: ./hubbleFiltsAll2.pdf Graphic file (type pdf)

<use ./hubbleFiltsAll2.pdf>
Package pdftex.def Info: ./hubbleFiltsAll2.pdf used on input line 464.
(pdftex.def)             Requested size: 220.78542pt x 111.83153pt.

<./jwstAll2.pdf, id=1265, 737.15402pt x 734.82654pt>
File: ./jwstAll2.pdf Graphic file (type pdf)
 <use ./jwstAll2.pdf>
Package pdftex.def Info: ./jwstAll2.pdf used on input line 465.
(pdftex.def)             Requested size: 220.78542pt x 220.09085pt.


LaTeX Warning: Command \r invalid in math mode on input line 466.


LaTeX Warning: Command \r invalid in math mode on input line 466.


LaTeX Warning: `h' float specifier changed to `ht'.

[19 <./filterLF2.pdf>] [20 <./hubbleFiltsAll2.pdf> <./jwstAll2.pdf

pdfTeX warning: /Library/TeX/texbin/pdflatex (file ./jwstAll2.pdf): PDF inclusi
on: multiple pdfs with page group included in a single page
>]
\openout2 = `bibliog.aux'.

 (./bibliog.tex [21]) (./Sarmento-Obs.bbl)

Package natbib Warning: There were undefined citations.

[22]
Package atveryend Info: Empty hook `AfterLastShipout' on input line 483.
 (./Sarmento-Obs.aux (./bibliog.aux))
Package atveryend Info: Executing hook `AtVeryEndDocument' on input line 483.
Package atveryend Info: Empty hook `AtEndAfterFileList' on input line 483.


LaTeX Warning: There were undefined references.


LaTeX Warning: Label(s) may have changed. Rerun to get cross-references right .


 ) 
Here is how much of TeX's memory you used:
 10565 strings out of 493089
 152251 string characters out of 6134842
 309966 words of memory out of 5000000
 13728 multiletter control sequences out of 15000+600000
 15377 words of font info for 63 fonts, out of 8000000 for 9000
 1141 hyphenation exceptions out of 8191
 36i,14n,37p,2170b,692s stack positions out of 5000i,500n,10000p,200000b,80000s
</usr/local/texlive/2015/texmf-dist/fonts/type1/public/amsfonts/cm/cmbx10.pfb
></usr/local/texlive/2015/texmf-dist/fonts/type1/public/amsfonts/cm/cmbx8.pfb><
/usr/local/texlive/2015/texmf-dist/fonts/type1/public/amsfonts/cm/cmcsc10.pfb><
/usr/local/texlive/2015/texmf-dist/fonts/type1/public/amsfonts/cm/cmex10.pfb></
usr/local/texlive/2015/texmf-dist/fonts/type1/public/amsfonts/cm/cmmi10.pfb></u
sr/local/texlive/2015/texmf-dist/fonts/type1/public/amsfonts/cm/cmmi12.pfb></us
r/local/texlive/2015/texmf-dist/fonts/type1/public/amsfonts/cm/cmmi5.pfb></usr/
local/texlive/2015/texmf-dist/fonts/type1/public/amsfonts/cm/cmmi6.pfb></usr/lo
cal/texlive/2015/texmf-dist/fonts/type1/public/amsfonts/cm/cmmi7.pfb></usr/loca
l/texlive/2015/texmf-dist/fonts/type1/public/amsfonts/cm/cmmi8.pfb></usr/local/
texlive/2015/texmf-dist/fonts/type1/public/amsfonts/cm/cmmi9.pfb></usr/local/te
xlive/2015/texmf-dist/fonts/type1/public/amsfonts/cm/cmr10.pfb></usr/local/texl
ive/2015/texmf-dist/fonts/type1/public/amsfonts/cm/cmr17.pfb></usr/local/texliv
e/2015/texmf-dist/fonts/type1/public/amsfonts/cm/cmr5.pfb></usr/local/texlive/2
015/texmf-dist/fonts/type1/public/amsfonts/cm/cmr6.pfb></usr/local/texlive/2015
/texmf-dist/fonts/type1/public/amsfonts/cm/cmr7.pfb></usr/local/texlive/2015/te
xmf-dist/fonts/type1/public/amsfonts/cm/cmr8.pfb></usr/local/texlive/2015/texmf
-dist/fonts/type1/public/amsfonts/cm/cmr9.pfb></usr/local/texlive/2015/texmf-di
st/fonts/type1/public/amsfonts/cm/cmss17.pfb></usr/local/texlive/2015/texmf-dis
t/fonts/type1/public/amsfonts/cm/cmsy10.pfb></usr/local/texlive/2015/texmf-dist
/fonts/type1/public/amsfonts/cm/cmsy5.pfb></usr/local/texlive/2015/texmf-dist/f
onts/type1/public/amsfonts/cm/cmsy6.pfb></usr/local/texlive/2015/texmf-dist/fon
ts/type1/public/amsfonts/cm/cmsy7.pfb></usr/local/texlive/2015/texmf-dist/fonts
/type1/public/amsfonts/cm/cmsy8.pfb></usr/local/texlive/2015/texmf-dist/fonts/t
ype1/public/amsfonts/cm/cmsy9.pfb></usr/local/texlive/2015/texmf-dist/fonts/typ
e1/public/amsfonts/cm/cmti10.pfb></usr/local/texlive/2015/texmf-dist/fonts/type
1/public/amsfonts/symbols/msam10.pfb>
Output written on Sarmento-Obs.pdf (22 pages, 18461375 bytes).
PDF statistics:
 1550 PDF objects out of 1728 (max. 8388607)
 791 compressed objects within 8 object streams
 146 named destinations out of 1000 (max. 500000)
 91 words of extra memory for PDF output out of 10000 (max. 10000000)

