This is pdfTeX, Version 3.14159265-2.6-1.40.16 (TeX Live 2015) (preloaded format=pdflatex 2015.5.24)  1 MAY 2017 14:40
entering extended mode
 restricted \write18 enabled.
 file:line:error style messages enabled.
 %&-line parsing enabled.
**Sarmento-Obs-ApJ-2.tex
(./Sarmento-Obs-ApJ-2.tex
LaTeX2e <2015/01/01>
Babel <3.9l> and hyphenation patterns for 79 languages loaded.
(/Users/earnric/Library/texmf/tex/latex/emulateapj.cls
Document Class: emulateapj 
\bibbaselineskip=\skip41
(/usr/local/texlive/2015/texmf-dist/tex/latex/revtex/revtex4-1.cls
Document Class: revtex4-1 2010/07/25/20:33:00 4.1r (http://publish.aps.org/revt
ex4/ for documentation)
 Copyright (c) 2009 The American Physical Society.
 mailto:revtex@aps.org
 Licensed under the LPPL:
http://www.ctan.org/tex-archive/macros/latex/base/lppl.txt
 Arthur Ogawa <arthur_ogawa at sbcglobal dot net>
 Based on work by David Carlisle <david at dcarlisle.demon.co.uk>.
ltxutil[2010/07/25/20:33:00 4.1r utilities package (portions licensed from W. E
. Baxter web at superscript.com)]
LaTeX Info: Redefining \@centercr on input line 308.
Class revtex4-1 Info: Repairing broken LaTeX eqnarray on input line 358.
\eqncolsep=\skip42
Class revtex4-1 Info: Repairing hyperref-unfriendly LaTeX definition of \mpfoot
note on input line 433.
Class revtex4-1 Info: Repairing broken LateX \@sect on input line 755.
\intertabularlinepenalty=\count79
\@tbpen=\count80
\@arstrutbox@hline=\box26
Class revtex4-1 Info: Repairing broken LaTeX \@xbitor on input line 1786.
Class revtex4-1 Info: Making \typeout \long on input line 2046.
ltxfront[2010/07/25/20:33:00 4.1r frontmatter package (AO,DPC)]
\c@affil=\count81
\c@collab=\count82
\absbox=\box27
ltxgrid[2010/07/25/20:33:00 4.1r page grid package (portions licensed from W. E
. Baxter web at superscript.com)]
\c@linecount=\count83
\output@latex=\toks14
\box@size@1=\box28
\box@size@2=\box29
\@protection@box=\box30
\@topmark@saved=\toks15
\footins@saved=\box31
\footins@recovered=\box32
\column@recovered=\box33
\pagesofar=\box34
\footsofar=\box35
\pagegrid@col=\count84
Class revtex4-1 Info: Overriding \@vspace, \@vspacer, \@no@pgbk, \@newline, and
 \\  on input line 5578.
\c@part=\count85
\c@section=\count86
\c@subsection=\count87
\c@subsubsection=\count88
\c@paragraph=\count89
\c@subparagraph=\count90
\abovecaptionskip=\skip43
\belowcaptionskip=\skip44
\c@figure=\count91
\fbox@1=\box36
\c@table=\count92
\fbox@2=\box37
\c@video=\count93
\fbox@4=\box38
\@bibdataout=\write3
\widetext@top=\box39
\widetext@bot=\box40
Class revtex4-1 Info: Selecting society aps on input line 7542.
(/usr/local/texlive/2015/texmf-dist/tex/latex/revtex/aps4-1.rtx
File: aps4-1 2010/07/25/20:33:00 4.1r (http://publish.aps.org/revtex4/ for docu
mentation)
Class revtex4-1 Info: RevTeX society APS selected on input line 31.
)
Class revtex4-1 Info: Selecting journal pra on input line 7544.
Class revtex4-1 Info: APS journal PRA selected on input line 7545.

(/usr/local/texlive/2015/texmf-dist/tex/latex/revtex/aps10pt4-1.rtx
File: aps10pt4-1 2010/07/25/20:33:00 4.1r (http://publish.aps.org/revtex4/ for 
documentation)
Class revtex4-1 Info: RevTeX pointsize 10pt selected on input line 30.
)
(/usr/local/texlive/2015/texmf-dist/tex/latex/textcase/textcase.sty
Package: textcase 2004/10/07 v0.07 Text only upper/lower case changing (DPC)
)
(/usr/local/texlive/2015/texmf-dist/tex/latex/url/url.sty
\Urlmuskip=\muskip10
Package: url 2013/09/16  ver 3.4  Verb mode for urls, etc.
)
(/Users/earnric/Library/texmf/tex/latex/natbib/natbib.sty
Package: natbib 2010/09/13 8.31b (PWD, AO)
\bibhang=\skip45
\bibsep=\skip46
LaTeX Info: Redefining \cite on input line 694.
\c@NAT@ctr=\count94
)
Class revtex4-1 Info: Repairing natbib's \BibitemShut on input line 7549.

(/usr/local/texlive/2015/texmf-dist/tex/latex/revtex/revsymb4-1.sty
Package: revsymb4-1 2010/07/25/20:33:00 4.1r (http://publish.aps.org/revtex4/ f
or documentation)
LaTeX Info: Redefining \REV@mathfrak on input line 119.
))
(/usr/local/texlive/2015/texmf-dist/tex/latex/base/latexsym.sty
Package: latexsym 1998/08/17 v2.2e Standard LaTeX package (lasy symbols)
\symlasy=\mathgroup4
LaTeX Font Info:    Overwriting symbol font `lasy' in version `bold'
(Font)                  U/lasy/m/n --> U/lasy/b/n on input line 52.
)
(/usr/local/texlive/2015/texmf-dist/tex/latex/graphics/graphicx.sty
Package: graphicx 2014/10/28 v1.0g Enhanced LaTeX Graphics (DPC,SPQR)

(/usr/local/texlive/2015/texmf-dist/tex/latex/graphics/keyval.sty
Package: keyval 2014/10/28 v1.15 key=value parser (DPC)
\KV@toks@=\toks16
)
(/usr/local/texlive/2015/texmf-dist/tex/latex/graphics/graphics.sty
Package: graphics 2014/10/28 v1.0p Standard LaTeX Graphics (DPC,SPQR)

(/usr/local/texlive/2015/texmf-dist/tex/latex/graphics/trig.sty
Package: trig 1999/03/16 v1.09 sin cos tan (DPC)
)
(/usr/local/texlive/2015/texmf-dist/tex/latex/latexconfig/graphics.cfg
File: graphics.cfg 2010/04/23 v1.9 graphics configuration of TeX Live
)
Package graphics Info: Driver file: pdftex.def on input line 94.

(/usr/local/texlive/2015/texmf-dist/tex/latex/pdftex-def/pdftex.def
File: pdftex.def 2011/05/27 v0.06d Graphics/color for pdfTeX

(/usr/local/texlive/2015/texmf-dist/tex/generic/oberdiek/infwarerr.sty
Package: infwarerr 2010/04/08 v1.3 Providing info/warning/error messages (HO)
)
(/usr/local/texlive/2015/texmf-dist/tex/generic/oberdiek/ltxcmds.sty
Package: ltxcmds 2011/11/09 v1.22 LaTeX kernel commands for general use (HO)
)
\Gread@gobject=\count95
))
\Gin@req@height=\dimen102
\Gin@req@width=\dimen103
)
(/usr/local/texlive/2015/texmf-dist/tex/latex/amsfonts/amssymb.sty
Package: amssymb 2013/01/14 v3.01 AMS font symbols

(/usr/local/texlive/2015/texmf-dist/tex/latex/amsfonts/amsfonts.sty
Package: amsfonts 2013/01/14 v3.01 Basic AMSFonts support
\@emptytoks=\toks17
\symAMSa=\mathgroup5
\symAMSb=\mathgroup6
LaTeX Font Info:    Overwriting math alphabet `\mathfrak' in version `bold'
(Font)                  U/euf/m/n --> U/euf/b/n on input line 106.
LaTeX Info: Redefining \frak on input line 111.
LaTeX Info: Redefining \Bbb on input line 113.
))
(/usr/local/texlive/2015/texmf-dist/tex/latex/tools/longtable.sty
Package: longtable 2014/10/28 v4.11 Multi-page Table package (DPC)
\LTleft=\skip47
\LTright=\skip48
\LTpre=\skip49
\LTpost=\skip50
\LTchunksize=\count96
\LTcapwidth=\dimen104
\LT@head=\box41
\LT@firsthead=\box42
\LT@foot=\box43
\LT@lastfoot=\box44
\LT@cols=\count97
\LT@rows=\count98
\c@LT@tables=\count99
\c@LT@chunks=\count100
\LT@p@ftn=\toks18
)
(/usr/local/texlive/2015/texmf-dist/tex/generic/epsf/epsf.sty
This is `epsf.tex' v2.7.4 <14 February 2011>
\epsffilein=\read1
\epsfframemargin=\dimen105
\epsfframethickness=\dimen106
\epsfrsize=\dimen107
\epsftmp=\dimen108
\epsftsize=\dimen109
\epsfxsize=\dimen110
\epsfysize=\dimen111
\pspoints=\dimen112
)
\c@front@matter@foot@note=\count101
\alt@affil@toks=\toks19
\alt@affil@toks@count=\toks20
\keys@width=\skip51
\c@lastfootnote=\count102
\c@remember@figure@num=\count103
\c@remember@table@num=\count104
\bibindent=\dimen113
\plot@width=\skip52
\c@table@save=\count105
\table@note@skip=\skip53
\deluxe@table@width=\skip54
\@d@t@a=\skip55
\c@deluxe@table@num=\count106
\abovedeluxetableskip=\skip56
\belowdeluxetableskip=\skip57
\lastrowheight=\dimen114
\DT@p@ftn=\toks21
\pt@column=\count107
\pt@ncol=\count108
) (/usr/local/texlive/2015/texmf-dist/tex/latex/hyperref/hyperref.sty
Package: hyperref 2012/11/06 v6.83m Hypertext links for LaTeX

(/usr/local/texlive/2015/texmf-dist/tex/generic/oberdiek/hobsub-hyperref.sty
Package: hobsub-hyperref 2012/05/28 v1.13 Bundle oberdiek, subset hyperref (HO)


(/usr/local/texlive/2015/texmf-dist/tex/generic/oberdiek/hobsub-generic.sty
Package: hobsub-generic 2012/05/28 v1.13 Bundle oberdiek, subset generic (HO)
Package: hobsub 2012/05/28 v1.13 Construct package bundles (HO)
Package hobsub Info: Skipping package `infwarerr' (already loaded).
Package hobsub Info: Skipping package `ltxcmds' (already loaded).
Package: ifluatex 2010/03/01 v1.3 Provides the ifluatex switch (HO)
Package ifluatex Info: LuaTeX not detected.
Package: ifvtex 2010/03/01 v1.5 Detect VTeX and its facilities (HO)
Package ifvtex Info: VTeX not detected.
Package: intcalc 2007/09/27 v1.1 Expandable calculations with integers (HO)
Package: ifpdf 2011/01/30 v2.3 Provides the ifpdf switch (HO)
Package ifpdf Info: pdfTeX in PDF mode is detected.
Package: etexcmds 2011/02/16 v1.5 Avoid name clashes with e-TeX commands (HO)
Package etexcmds Info: Could not find \expanded.
(etexcmds)             That can mean that you are not using pdfTeX 1.50 or
(etexcmds)             that some package has redefined \expanded.
(etexcmds)             In the latter case, load this package earlier.
Package: kvsetkeys 2012/04/25 v1.16 Key value parser (HO)
Package: kvdefinekeys 2011/04/07 v1.3 Define keys (HO)
Package: pdftexcmds 2011/11/29 v0.20 Utility functions of pdfTeX for LuaTeX (HO
)
Package pdftexcmds Info: LuaTeX not detected.
Package pdftexcmds Info: \pdf@primitive is available.
Package pdftexcmds Info: \pdf@ifprimitive is available.
Package pdftexcmds Info: \pdfdraftmode found.
Package: pdfescape 2011/11/25 v1.13 Implements pdfTeX's escape features (HO)
Package: bigintcalc 2012/04/08 v1.3 Expandable calculations on big integers (HO
)
Package: bitset 2011/01/30 v1.1 Handle bit-vector datatype (HO)
Package: uniquecounter 2011/01/30 v1.2 Provide unlimited unique counter (HO)
)
Package hobsub Info: Skipping package `hobsub' (already loaded).
Package: letltxmacro 2010/09/02 v1.4 Let assignment for LaTeX macros (HO)
Package: hopatch 2012/05/28 v1.2 Wrapper for package hooks (HO)
Package: xcolor-patch 2011/01/30 xcolor patch
Package: atveryend 2011/06/30 v1.8 Hooks at the very end of document (HO)
Package: atbegshi 2011/10/05 v1.16 At begin shipout hook (HO)
Package: refcount 2011/10/16 v3.4 Data extraction from label references (HO)
Package: hycolor 2011/01/30 v1.7 Color options for hyperref/bookmark (HO)
)
(/usr/local/texlive/2015/texmf-dist/tex/generic/ifxetex/ifxetex.sty
Package: ifxetex 2010/09/12 v0.6 Provides ifxetex conditional
)
(/usr/local/texlive/2015/texmf-dist/tex/latex/oberdiek/auxhook.sty
Package: auxhook 2011/03/04 v1.3 Hooks for auxiliary files (HO)
)
(/usr/local/texlive/2015/texmf-dist/tex/latex/oberdiek/kvoptions.sty
Package: kvoptions 2011/06/30 v3.11 Key value format for package options (HO)
)
\@linkdim=\dimen115
\Hy@linkcounter=\count109
\Hy@pagecounter=\count110

(/usr/local/texlive/2015/texmf-dist/tex/latex/hyperref/pd1enc.def
File: pd1enc.def 2012/11/06 v6.83m Hyperref: PDFDocEncoding definition (HO)
)
\Hy@SavedSpaceFactor=\count111

(/usr/local/texlive/2015/texmf-dist/tex/latex/latexconfig/hyperref.cfg
File: hyperref.cfg 2002/06/06 v1.2 hyperref configuration of TeXLive
)
Package hyperref Info: Hyper figures OFF on input line 4443.
Package hyperref Info: Link nesting OFF on input line 4448.
Package hyperref Info: Hyper index ON on input line 4451.
Package hyperref Info: Plain pages OFF on input line 4458.
Package hyperref Info: Backreferencing OFF on input line 4463.
Package hyperref Info: Implicit mode ON; LaTeX internals redefined.
Package hyperref Info: Bookmarks ON on input line 4688.
LaTeX Info: Redefining \href on input line 4952.
\c@Hy@tempcnt=\count112
LaTeX Info: Redefining \url on input line 5041.
\XeTeXLinkMargin=\dimen116
\Fld@menulength=\count113
\Field@Width=\dimen117
\Fld@charsize=\dimen118
Package hyperref Info: Hyper figures OFF on input line 6295.
Package hyperref Info: Link nesting OFF on input line 6300.
Package hyperref Info: Hyper index ON on input line 6303.
Package hyperref Info: backreferencing OFF on input line 6310.
Package hyperref Info: Link coloring OFF on input line 6315.
Package hyperref Info: Link coloring with OCG OFF on input line 6320.
Package hyperref Info: PDF/A mode OFF on input line 6325.
LaTeX Info: Redefining \ref on input line 6365.
LaTeX Info: Redefining \pageref on input line 6369.
\Hy@abspage=\count114
\c@Item=\count115
\c@Hfootnote=\count116
)

Package hyperref Message: Driver (autodetected): hpdftex.

(/usr/local/texlive/2015/texmf-dist/tex/latex/hyperref/hpdftex.def
File: hpdftex.def 2012/11/06 v6.83m Hyperref driver for pdfTeX
\Fld@listcount=\count117
\c@bookmark@seq@number=\count118

(/usr/local/texlive/2015/texmf-dist/tex/latex/oberdiek/rerunfilecheck.sty
Package: rerunfilecheck 2011/04/15 v1.7 Rerun checks for auxiliary files (HO)
Package uniquecounter Info: New unique counter `rerunfilecheck' on input line 2
82.
)
\Hy@SectionHShift=\skip58
)
(/usr/local/texlive/2015/texmf-dist/tex/latex/amsmath/amsmath.sty
Package: amsmath 2013/01/14 v2.14 AMS math features
\@mathmargin=\skip59

For additional information on amsmath, use the `?' option.
(/usr/local/texlive/2015/texmf-dist/tex/latex/amsmath/amstext.sty
Package: amstext 2000/06/29 v2.01

(/usr/local/texlive/2015/texmf-dist/tex/latex/amsmath/amsgen.sty
File: amsgen.sty 1999/11/30 v2.0
\@emptytoks=\toks22
\ex@=\dimen119
)
LaTeX Info: Redefining \text on input line 39.
)
(/usr/local/texlive/2015/texmf-dist/tex/latex/amsmath/amsbsy.sty
Package: amsbsy 1999/11/29 v1.2d
\pmbraise@=\dimen120
)
(/usr/local/texlive/2015/texmf-dist/tex/latex/amsmath/amsopn.sty
Package: amsopn 1999/12/14 v2.01 operator names
)
\inf@bad=\count119
LaTeX Info: Redefining \frac on input line 210.
\uproot@=\count120
\leftroot@=\count121
LaTeX Info: Redefining \overline on input line 306.
\classnum@=\count122
\DOTSCASE@=\count123
LaTeX Info: Redefining \ldots on input line 378.
LaTeX Info: Redefining \dots on input line 381.
LaTeX Info: Redefining \cdots on input line 466.
\Mathstrutbox@=\box45
\strutbox@=\box46
\big@size=\dimen121
LaTeX Font Info:    Redeclaring font encoding OML on input line 566.
LaTeX Font Info:    Redeclaring font encoding OMS on input line 567.
\macc@depth=\count124
\c@MaxMatrixCols=\count125
\dotsspace@=\muskip11
\c@parentequation=\count126
\dspbrk@lvl=\count127
\tag@help=\toks23
\row@=\count128
\column@=\count129
\maxfields@=\count130
\andhelp@=\toks24
\eqnshift@=\dimen122
\alignsep@=\dimen123
\tagshift@=\dimen124
\tagwidth@=\dimen125
\totwidth@=\dimen126
\lineht@=\dimen127
\@envbody=\toks25
\multlinegap=\skip60
\multlinetaggap=\skip61
\mathdisplay@stack=\toks26
LaTeX Info: Redefining \[ on input line 2665.
LaTeX Info: Redefining \] on input line 2666.
)
(/usr/local/texlive/2015/texmf-dist/tex/latex/jknapltx/mathrsfs.sty
Package: mathrsfs 1996/01/01 Math RSFS package v1.0 (jk)
\symrsfs=\mathgroup7
)
(/usr/local/texlive/2015/texmf-dist/tex/latex/units/units.sty
Package: units 1998/08/04 v0.9b Typesetting units

(/usr/local/texlive/2015/texmf-dist/tex/latex/base/ifthen.sty
Package: ifthen 2014/09/29 v1.1c Standard LaTeX ifthen package (DPC)
)
(/usr/local/texlive/2015/texmf-dist/tex/latex/units/nicefrac.sty
Package: nicefrac 1998/08/04 v0.9b Nice fractions
\L@UnitsRaiseDisplaystyle=\skip62
\L@UnitsRaiseTextstyle=\skip63
\L@UnitsRaiseScriptstyle=\skip64
))
(/usr/local/texlive/2015/texmf-dist/tex/latex/threeparttable/threeparttable.sty
Package: threeparttable 2003/06/13  v 3.0
\@tempboxb=\box47
) (/usr/local/texlive/2015/texmf-dist/tex/latex/multirow/multirow.sty
\bigstrutjot=\dimen128
)
(/usr/local/texlive/2015/texmf-dist/tex/latex/soul/soul.sty
Package: soul 2003/11/17 v2.4 letterspacing/underlining (mf)
\SOUL@word=\toks27
\SOUL@lasttoken=\toks28
\SOUL@cmds=\toks29
\SOUL@buffer=\toks30
\SOUL@token=\toks31
\SOUL@spaceskip=\skip65
\SOUL@ttwidth=\dimen129
\SOUL@uldp=\dimen130
\SOUL@ulht=\dimen131
)
(/usr/local/texlive/2015/texmf-dist/tex/generic/ulem/ulem.sty
\UL@box=\box48
\UL@hyphenbox=\box49
\UL@skip=\skip66
\UL@hook=\toks32
\UL@height=\dimen132
\UL@pe=\count131
\UL@pixel=\dimen133
\ULC@box=\box50
Package: ulem 2012/05/18
\ULdepth=\dimen134
)
(/usr/local/texlive/2015/texmf-dist/tex/latex/dblfloatfix/dblfloatfix.sty
Package: dblfloatfix 2012/12/31 v1.0a (JAW)

(/usr/local/texlive/2015/texmf-dist/tex/latex/base/fixltx2e.sty
Package: fixltx2e 2015/02/21 v2.0a fixes to LaTeX (obsolete)


Package fixltx2e Warning: fixltx2e is not required with releases after 2015
(fixltx2e)                All fixes are now in the LaTeX kernel.
(fixltx2e)                See the latexrelease package for details.

)
\@dblbotnum=\count132
\c@dblbotnumber=\count133
)
Class revtex4-1 Info: Patching LaTeX tabular. on input line 40.
Class revtex4-1 Info: Patching unrecognized longtable package. (Proceeding with
 fingers crossed) on input line 40.
Class revtex4-1 Info: Robustifying \LaTeX's \boldmath command on input line 40.

Class revtex4-1 Info: cite was not loaded (OK!) on input line 40.
Class revtex4-1 Info: mcite was not loaded (OK!) on input line 40.
Class revtex4-1 Info: multicol was not loaded (OK!) on input line 40.
 (./Sarmento-Obs-ApJ-2.aux (./bibliog.aux

Package natbib Warning: Citation `2008MNRAS.391..481S' multiply defined.

))
\openout1 = `Sarmento-Obs-ApJ-2.aux'.

LaTeX Font Info:    Checking defaults for OML/cmm/m/it on input line 40.
LaTeX Font Info:    ... okay on input line 40.
LaTeX Font Info:    Checking defaults for T1/cmr/m/n on input line 40.
LaTeX Font Info:    ... okay on input line 40.
LaTeX Font Info:    Checking defaults for OT1/cmr/m/n on input line 40.
LaTeX Font Info:    ... okay on input line 40.
LaTeX Font Info:    Checking defaults for OMS/cmsy/m/n on input line 40.
LaTeX Font Info:    ... okay on input line 40.
LaTeX Font Info:    Checking defaults for OMX/cmex/m/n on input line 40.
LaTeX Font Info:    ... okay on input line 40.
LaTeX Font Info:    Checking defaults for U/cmr/m/n on input line 40.
LaTeX Font Info:    ... okay on input line 40.
LaTeX Font Info:    Checking defaults for PD1/pdf/m/n on input line 40.
LaTeX Font Info:    ... okay on input line 40.
 (/usr/local/texlive/2015/texmf-dist/tex/context/base/supp-pdf.mkii
[Loading MPS to PDF converter (version 2006.09.02).]
\scratchcounter=\count134
\scratchdimen=\dimen135
\scratchbox=\box51
\nofMPsegments=\count135
\nofMParguments=\count136
\everyMPshowfont=\toks33
\MPscratchCnt=\count137
\MPscratchDim=\dimen136
\MPnumerator=\count138
\makeMPintoPDFobject=\count139
\everyMPtoPDFconversion=\toks34
) (/usr/local/texlive/2015/texmf-dist/tex/latex/oberdiek/epstopdf-base.sty
Package: epstopdf-base 2010/02/09 v2.5 Base part for package epstopdf

(/usr/local/texlive/2015/texmf-dist/tex/latex/oberdiek/grfext.sty
Package: grfext 2010/08/19 v1.1 Manage graphics extensions (HO)
)
Package grfext Info: Graphics extension search list:
(grfext)             [.png,.pdf,.jpg,.mps,.jpeg,.jbig2,.jb2,.PNG,.PDF,.JPG,.JPE
G,.JBIG2,.JB2,.eps]
(grfext)             \AppendGraphicsExtensions on input line 452.

(/usr/local/texlive/2015/texmf-dist/tex/latex/latexconfig/epstopdf-sys.cfg
File: epstopdf-sys.cfg 2010/07/13 v1.3 Configuration of (r)epstopdf for TeX Liv
e
))
\AtBeginShipoutBox=\box52
Package hyperref Info: Link coloring OFF on input line 40.

(/usr/local/texlive/2015/texmf-dist/tex/latex/hyperref/nameref.sty
Package: nameref 2012/10/27 v2.43 Cross-referencing by name of section

(/usr/local/texlive/2015/texmf-dist/tex/generic/oberdiek/gettitlestring.sty
Package: gettitlestring 2010/12/03 v1.4 Cleanup title references (HO)
)
\c@section@level=\count140
)
LaTeX Info: Redefining \ref on input line 40.
LaTeX Info: Redefining \pageref on input line 40.
LaTeX Info: Redefining \nameref on input line 40.

(./Sarmento-Obs-ApJ-2.out) (./Sarmento-Obs-ApJ-2.out)
\@outlinefile=\write4
\openout4 = `Sarmento-Obs-ApJ-2.out'.

Class revtex4-1 Info: Taking \maketitle back from hyperref on input line 40.
\openout3 = `Sarmento-Obs-ApJ-2Notes.bib'.

LaTeX Font Info:    Try loading font information for U+lasy on input line 51.

(/usr/local/texlive/2015/texmf-dist/tex/latex/base/ulasy.fd
File: ulasy.fd 1998/08/17 v2.2e LaTeX symbol font definitions
)
LaTeX Font Info:    Try loading font information for U+msa on input line 51.

(/usr/local/texlive/2015/texmf-dist/tex/latex/amsfonts/umsa.fd
File: umsa.fd 2013/01/14 v3.01 AMS symbols A
)
LaTeX Font Info:    Try loading font information for U+msb on input line 51.

(/usr/local/texlive/2015/texmf-dist/tex/latex/amsfonts/umsb.fd
File: umsb.fd 2013/01/14 v3.01 AMS symbols B
)
LaTeX Font Info:    Try loading font information for U+rsfs on input line 51.

(/usr/local/texlive/2015/texmf-dist/tex/latex/jknapltx/ursfs.fd
File: ursfs.fd 1998/03/24 rsfs font definition file (jk)
) [1{/usr/local/texlive/2015/texmf-var/fonts/map/pdftex/updmap/pdftex.map}]

LaTeX Warning: Command \r invalid in math mode on input line 69.

LaTeX Font Info:    Try loading font information for OMS+cmr on input line 71.
(/usr/local/texlive/2015/texmf-dist/tex/latex/base/omscmr.fd
File: omscmr.fd 2014/09/29 v2.5h Standard LaTeX font definitions
)
LaTeX Font Info:    Font shape `OMS/cmr/m/n' in size <10> not available
(Font)              Font shape `OMS/cmsy/m/n' tried instead on input line 71.
 [2]
<./exampleZ.pdf, id=299, 541.20155pt x 378.5756pt>
File: ./exampleZ.pdf Graphic file (type pdf)
 <use ./exampleZ.pdf>
Package pdftex.def Info: ./exampleZ.pdf used on input line 100.
(pdftex.def)             Requested size: 245.26653pt x 171.56474pt.

Overfull \hbox (10.0pt too wide) in paragraph at lines 99--102
 []$ 
 []

<./SP-galaxy_z_14_0_3.pdf, id=300, 470.17534pt x 402.66937pt>
File: ./SP-galaxy_z_14_0_3.pdf Graphic file (type pdf)

<use ./SP-galaxy_z_14_0_3.pdf>
Package pdftex.def Info: ./SP-galaxy_z_14_0_3.pdf used on input line 110.
(pdftex.def)             Requested size: 245.26653pt x 210.05286pt.

<./HOP-galaxy_z_14_0_3.pdf, id=301, 475.69595pt x 402.66937pt>
File: ./HOP-galaxy_z_14_0_3.pdf Graphic file (type pdf)

<use ./HOP-galaxy_z_14_0_3.pdf>
Package pdftex.def Info: ./HOP-galaxy_z_14_0_3.pdf used on input line 111.
(pdftex.def)             Requested size: 245.26653pt x 207.6136pt.

<./SP-galaxy_z_10_0_7.pdf, id=302, 470.17534pt x 402.66937pt>
File: ./SP-galaxy_z_10_0_7.pdf Graphic file (type pdf)

<use ./SP-galaxy_z_10_0_7.pdf>
Package pdftex.def Info: ./SP-galaxy_z_10_0_7.pdf used on input line 112.
(pdftex.def)             Requested size: 245.26653pt x 210.05286pt.

<./HOP-galaxy_z_10_0_7.pdf, id=303, 475.69595pt x 402.66937pt>
File: ./HOP-galaxy_z_10_0_7.pdf Graphic file (type pdf)

<use ./HOP-galaxy_z_10_0_7.pdf>
Package pdftex.def Info: ./HOP-galaxy_z_10_0_7.pdf used on input line 113.
(pdftex.def)             Requested size: 245.26653pt x 207.6136pt.


Class revtex4-1 Warning: Float cannot be placed.

<./AllHalos_150.png, id=308, 754.4988pt x 728.9634pt>
File: ./AllHalos_150.png Graphic file (type png)
 <use ./AllHalos_150.png>
Package pdftex.def Info: ./AllHalos_150.png used on input line 134.
(pdftex.def)             Requested size: 245.26653pt x 236.96591pt.

<./AllHalos_120.png, id=310, 754.4988pt x 728.9634pt>
File: ./AllHalos_120.png Graphic file (type png)
 <use ./AllHalos_120.png>
Package pdftex.def Info: ./AllHalos_120.png used on input line 135.
(pdftex.def)             Requested size: 245.26653pt x 236.96591pt.


Class revtex4-1 Warning: Float cannot be placed.

[3 <./exampleZ.pdf>]

LaTeX Warning: A float is stuck (cannot be placed) on input line 155.

[4 <./SP-galaxy_z_14_0_3.pdf> <./HOP-galaxy_z_14_0_3.pdf

pdfTeX warning: /Library/TeX/texbin/pdflatex (file ./HOP-galaxy_z_14_0_3.pdf): 
PDF inclusion: multiple pdfs with page group included in a single page
> <./SP-galaxy_z_10_0_7.pdf

pdfTeX warning: /Library/TeX/texbin/pdflatex (file ./SP-galaxy_z_10_0_7.pdf): P
DF inclusion: multiple pdfs with page group included in a single page
> <./HOP-galaxy_z_10_0_7.pdf

pdfTeX warning: /Library/TeX/texbin/pdflatex (file ./HOP-galaxy_z_10_0_7.pdf): 
PDF inclusion: multiple pdfs with page group included in a single page
>]

LaTeX Warning: A float is stuck (cannot be placed) on input line 155.


Class revtex4-1 Warning: Deferred float stuck during \clearpage processing.


LaTeX Warning: Command \r invalid in math mode on input line 166.


LaTeX Warning: Command \r invalid in math mode on input line 166.

<./SEDs.pdf, id=557, 1516.94733pt x 523.75668pt>
File: ./SEDs.pdf Graphic file (type pdf)
 <use ./SEDs.pdf>
Package pdftex.def Info: ./SEDs.pdf used on input line 171.
(pdftex.def)             Requested size: 490.53305pt x 169.36377pt.


LaTeX Warning: Command \r invalid in math mode on input line 172.


LaTeX Warning: Command \r invalid in math mode on input line 179.


LaTeX Warning: Command \r invalid in math mode on input line 189.


LaTeX Warning: Command \r invalid in math mode on input line 196.


LaTeX Warning: Command \r invalid in math mode on input line 222.

[5]

LaTeX Warning: A float is stuck (cannot be placed) on input line 242.

[6 <./AllHalos_150.png> <./AllHalos_120.png> <./SEDs.pdf>]
<./SFRD_12.pdf, id=641, 767.19435pt x 610.71852pt>
File: ./SFRD_12.pdf Graphic file (type pdf)
 <use ./SFRD_12.pdf>
Package pdftex.def Info: ./SFRD_12.pdf used on input line 254.
(pdftex.def)             Requested size: 245.26653pt x 195.23822pt.

<./Halo_Z_Histograms.pdf, id=652, 1460.51898pt x 1167.2408pt>
File: ./Halo_Z_Histograms.pdf Graphic file (type pdf)

<use ./Halo_Z_Histograms.pdf>
Package pdftex.def Info: ./Halo_Z_Histograms.pdf used on input line 264.
(pdftex.def)             Requested size: 490.53305pt x 392.02994pt.


Class revtex4-1 Warning: Float cannot be placed.

[7 <./SFRD_12.pdf>]

LaTeX Warning: A float is stuck (cannot be placed) on input line 272.

[8 <./Halo_Z_Histograms.pdf>]
<./haloUVMag_Summary_scatter9.pdf, id=814, 1100.85117pt x 1105.7545pt>
File: ./haloUVMag_Summary_scatter9.pdf Graphic file (type pdf)

<use ./haloUVMag_Summary_scatter9.pdf>
Package pdftex.def Info: ./haloUVMag_Summary_scatter9.pdf used on input line 29
5.
(pdftex.def)             Requested size: 490.53305pt x 492.7088pt.


LaTeX Warning: Command \r invalid in math mode on input line 321.

[9]

Class revtex4-1 Warning: Dequeueing of floats stalled.


LaTeX Warning: A float is stuck (cannot be placed) on input line 326.

[10]

LaTeX Warning: A float is stuck (cannot be placed) on input line 326.


Class revtex4-1 Warning: Deferred float stuck during \clearpage processing.

<./PopIII_fraction-Histograms-all9.pdf, id=865, 1443.62775pt x 1491.67848pt>
File: ./PopIII_fraction-Histograms-all9.pdf Graphic file (type pdf)

<use ./PopIII_fraction-Histograms-all9.pdf>
Package pdftex.def Info: ./PopIII_fraction-Histograms-all9.pdf used on input li
ne 331.
(pdftex.def)             Requested size: 490.53305pt x 506.86809pt.


LaTeX Warning: Command \r invalid in math mode on input line 332.


Underfull \hbox (badness 3919) in paragraph at lines 383--383
[]$[]$ \OT1/cmr/m/n/8 The joint prob-a-bil-ity of find-ing a galaxy with $\OML/
cmm/m/it/8 P\OT1/cmr/m/n/8 ([]\OML/cmm/m/it/8 =[] \OMS/cmsy/m/n/8 ^^U
 []

<./Metallicity-bright-4.pdf, id=868, 722.7pt x 722.7pt>
File: ./Metallicity-bright-4.pdf Graphic file (type pdf)

<use ./Metallicity-bright-4.pdf>
Package pdftex.def Info: ./Metallicity-bright-4.pdf used on input line 389.
(pdftex.def)             Requested size: 490.53305pt x 490.53627pt.

Underfull \hbox (badness 3919) in paragraph at lines 415--415
[]$[]$ \OT1/cmr/m/n/8 The joint prob-a-bil-ity of find-ing a galaxy with $\OML/
cmm/m/it/8 P\OT1/cmr/m/n/8 ([]\OML/cmm/m/it/8 =[] \OMS/cmsy/m/n/8 ^^U
 []

<./filterLF1.pdf, id=877, 1103.55782pt x 1103.06476pt>
File: ./filterLF1.pdf Graphic file (type pdf)
 <use ./filterLF1.pdf>
Package pdftex.def Info: ./filterLF1.pdf used on input line 427.
(pdftex.def)             Requested size: 490.53305pt x 490.31526pt.


Class revtex4-1 Warning: Float cannot be placed.

[11] [12]

LaTeX Warning: A float is stuck (cannot be placed) on input line 432.

[13 <./haloUVMag_Summary_scatter9.pdf>]

LaTeX Warning: A float is stuck (cannot be placed) on input line 432.


Class revtex4-1 Warning: Deferred float stuck during \clearpage processing.


Package natbib Warning: Citation `NEED REF' on page 14 undefined on input line 
433.


Underfull \hbox (badness 1360) in paragraph at lines 433--434
\OT1/cmr/m/n/10 fil-ters are sys-tem-at-i-cally higher than the pre-dicted
 []

<./filterLF2.pdf, id=1012, 1104.12132pt x 745.32831pt>
File: ./filterLF2.pdf Graphic file (type pdf)
 <use ./filterLF2.pdf>
Package pdftex.def Info: ./filterLF2.pdf used on input line 439.
(pdftex.def)             Requested size: 490.53305pt x 331.12985pt.


Class revtex4-1 Warning: Float cannot be placed.

<./allFilts.pdf, id=1034, 701.01903pt x 453.85811pt>
File: ./allFilts.pdf Graphic file (type pdf)
 <use ./allFilts.pdf>
Package pdftex.def Info: ./allFilts.pdf used on input line 463.
(pdftex.def)             Requested size: 245.26653pt x 158.79039pt.


LaTeX Warning: Command \r invalid in math mode on input line 464.


LaTeX Warning: Command \r invalid in math mode on input line 464.


LaTeX Warning: Command \r invalid in math mode on input line 464.


LaTeX Warning: Command \r invalid in math mode on input line 464.


LaTeX Warning: Command \r invalid in math mode on input line 464.

[14] [15 <./PopIII_fraction-Histograms-all9.pdf>]

LaTeX Warning: A float is stuck (cannot be placed) on input line 475.


Class revtex4-1 Warning: Deferred float stuck during \clearpage processing.

[16 <./Metallicity-bright-4.pdf>]

LaTeX Warning: A float is stuck (cannot be placed) on input line 475.


Class revtex4-1 Warning: Deferred float stuck during \clearpage processing.

[17 <./filterLF1.pdf>]

LaTeX Warning: A float is stuck (cannot be placed) on input line 475.


Class revtex4-1 Warning: Deferred float stuck during \clearpage processing.

[18 <./filterLF2.pdf>]

LaTeX Warning: A float is stuck (cannot be placed) on input line 475.


Class revtex4-1 Warning: Deferred float stuck during \clearpage processing.

[19 <./allFilts.pdf>]
\openout2 = `bibliog.aux'.

 (./bibliog.tex)
No file Sarmento-Obs-ApJ-2.bbl.

Package natbib Warning: There were undefined citations.


Package natbib Warning: There were multiply defined citations.

[20pdfTeX warning (ext4): destination with the same identifier (name{cite.2008M
NRAS.391..481S}) has been already used, duplicate ignored

\AtBegShi@Output ...ipout \box \AtBeginShipoutBox 
                                                  \fi \fi 
l.479 \end{document}
                    ]
Package atveryend Info: Empty hook `AfterLastShipout' on input line 479.
 (./Sarmento-Obs-ApJ-2.aux (./bibliog.aux

Package natbib Warning: Citation(s) may have changed.
(natbib)                Rerun to get citations correct.

))
Package atveryend Info: Executing hook `AtVeryEndDocument' on input line 479.
Package atveryend Info: Executing hook `AtEndAfterFileList' on input line 479.
Package rerunfilecheck Info: File `Sarmento-Obs-ApJ-2.out' has not changed.
(rerunfilecheck)             Checksum: D712AD3A73EC4954619E78CF622DA80B;725.
 ) 
Here is how much of TeX's memory you used:
 9458 strings out of 493089
 138704 string characters out of 6134842
 319688 words of memory out of 5000000
 12624 multiletter control sequences out of 15000+600000
 13959 words of font info for 57 fonts, out of 8000000 for 9000
 1141 hyphenation exceptions out of 8191
 34i,15n,28p,2108b,538s stack positions out of 5000i,500n,10000p,200000b,80000s
</usr/local/texlive/2015/texmf-dist/fonts/type1/public/amsfonts/cm/cmbx10.pfb
></usr/local/texlive/2015/texmf-dist/fonts/type1/public/amsfonts/cm/cmcsc10.pfb
></usr/local/texlive/2015/texmf-dist/fonts/type1/public/amsfonts/cm/cmex10.pfb>
</usr/local/texlive/2015/texmf-dist/fonts/type1/public/amsfonts/cm/cmmi10.pfb><
/usr/local/texlive/2015/texmf-dist/fonts/type1/public/amsfonts/cm/cmmi12.pfb></
usr/local/texlive/2015/texmf-dist/fonts/type1/public/amsfonts/cm/cmmi5.pfb></us
r/local/texlive/2015/texmf-dist/fonts/type1/public/amsfonts/cm/cmmi6.pfb></usr/
local/texlive/2015/texmf-dist/fonts/type1/public/amsfonts/cm/cmmi7.pfb></usr/lo
cal/texlive/2015/texmf-dist/fonts/type1/public/amsfonts/cm/cmmi8.pfb></usr/loca
l/texlive/2015/texmf-dist/fonts/type1/public/amsfonts/cm/cmr10.pfb></usr/local/
texlive/2015/texmf-dist/fonts/type1/public/amsfonts/cm/cmr17.pfb></usr/local/te
xlive/2015/texmf-dist/fonts/type1/public/amsfonts/cm/cmr5.pfb></usr/local/texli
ve/2015/texmf-dist/fonts/type1/public/amsfonts/cm/cmr6.pfb></usr/local/texlive/
2015/texmf-dist/fonts/type1/public/amsfonts/cm/cmr7.pfb></usr/local/texlive/201
5/texmf-dist/fonts/type1/public/amsfonts/cm/cmr8.pfb></usr/local/texlive/2015/t
exmf-dist/fonts/type1/public/amsfonts/cm/cmr9.pfb></usr/local/texlive/2015/texm
f-dist/fonts/type1/public/amsfonts/cm/cmss17.pfb></usr/local/texlive/2015/texmf
-dist/fonts/type1/public/amsfonts/cm/cmsy10.pfb></usr/local/texlive/2015/texmf-
dist/fonts/type1/public/amsfonts/cm/cmsy5.pfb></usr/local/texlive/2015/texmf-di
st/fonts/type1/public/amsfonts/cm/cmsy6.pfb></usr/local/texlive/2015/texmf-dist
/fonts/type1/public/amsfonts/cm/cmsy7.pfb></usr/local/texlive/2015/texmf-dist/f
onts/type1/public/amsfonts/cm/cmsy8.pfb></usr/local/texlive/2015/texmf-dist/fon
ts/type1/public/amsfonts/cm/cmti10.pfb></usr/local/texlive/2015/texmf-dist/font
s/type1/public/amsfonts/cm/cmti8.pfb></usr/local/texlive/2015/texmf-dist/fonts/
type1/public/amsfonts/symbols/msam10.pfb>
Output written on Sarmento-Obs-ApJ-2.pdf (20 pages, 17693061 bytes).
PDF statistics:
 1501 PDF objects out of 1728 (max. 8388607)
 825 compressed objects within 9 object streams
 154 named destinations out of 1000 (max. 500000)
 177 words of extra memory for PDF output out of 10000 (max. 10000000)

